<?xml version="1.0" encoding="UTF-8"?>
<testng-results ignored="0" total="2" passed="2" failed="0" skipped="0">
  <reporter-output>
  </reporter-output>
  <suite started-at="2023-08-17T14:52:32 EDT" name="Suite" finished-at="2023-08-17T14:54:00 EDT" duration-ms="87363">
    <groups>
      <group name="cucumber">
        <method signature="AbstractTestNGCucumberTests.runScenario(io.cucumber.testng.PickleWrapper,io.cucumber.testng.FeatureWrapper)[pri:0, instance:runnerOrange.TestRunnerOrange@449a4f23]" name="runScenario" class="io.cucumber.testng.AbstractTestNGCucumberTests"/>
      </group> <!-- cucumber -->
    </groups>
    <test started-at="2023-08-17T14:52:32 EDT" name="Test" finished-at="2023-08-17T14:54:00 EDT" duration-ms="87363">
      <class name="runnerOrange.TestRunnerOrange">
        <test-method is-config="true" signature="setUpClass(org.testng.ITestContext)[pri:0, instance:runnerOrange.TestRunnerOrange@449a4f23]" started-at="2023-08-17T14:52:32 EDT" name="setUpClass" finished-at="2023-08-17T14:52:33 EDT" duration-ms="955" status="PASS">
          <params>
            <param index="0">
              <value>
                <![CDATA[org.testng.TestRunner@67064bdc]]>
              </value>
            </param>
          </params>
          <reporter-output>
          </reporter-output>
        </test-method> <!-- setUpClass -->
        <test-method signature="runScenario(io.cucumber.testng.PickleWrapper,io.cucumber.testng.FeatureWrapper)[pri:0, instance:runnerOrange.TestRunnerOrange@449a4f23]" started-at="2023-08-17T14:52:33 EDT" name="runScenario" description="Runs Cucumber Scenarios" data-provider="scenarios" finished-at="2023-08-17T14:53:34 EDT" duration-ms="60890" status="PASS">
          <params>
            <param index="0">
              <value>
                <![CDATA["Add Employee for OrangeHRM"]]>
              </value>
            </param>
            <param index="1">
              <value>
                <![CDATA["AddEmployee OrangeHRM"]]>
              </value>
            </param>
          </params>
          <reporter-output>
          </reporter-output>
        </test-method> <!-- runScenario -->
        <test-method signature="runScenario(io.cucumber.testng.PickleWrapper,io.cucumber.testng.FeatureWrapper)[pri:0, instance:runnerOrange.TestRunnerOrange@449a4f23]" started-at="2023-08-17T14:53:34 EDT" name="runScenario" description="Runs Cucumber Scenarios" data-provider="scenarios" finished-at="2023-08-17T14:53:59 EDT" duration-ms="25334" status="PASS">
          <params>
            <param index="0">
              <value>
                <![CDATA["Login Test Orange HRM Test Scenario"]]>
              </value>
            </param>
            <param index="1">
              <value>
                <![CDATA["Orange HRM Login Test"]]>
              </value>
            </param>
          </params>
          <reporter-output>
          </reporter-output>
        </test-method> <!-- runScenario -->
        <test-method is-config="true" signature="tearDownClass()[pri:0, instance:runnerOrange.TestRunnerOrange@449a4f23]" started-at="2023-08-17T14:53:59 EDT" name="tearDownClass" finished-at="2023-08-17T14:54:00 EDT" duration-ms="76" status="PASS">
          <reporter-output>
          </reporter-output>
        </test-method> <!-- tearDownClass -->
      </class> <!-- runnerOrange.TestRunnerOrange -->
    </test> <!-- Test -->
  </suite> <!-- Suite -->
</testng-results>
